[21-May-2020 09:54:16 UTC] PHP Fatal error:  Uncaught Error: Call to undefined function the_body() in /Users/jandahl-madsen/Local Sites/fictional-university/app/public/wp-content/themes/fictional-university-theme/index.php:5
Stack trace:
#0 /Users/jandahl-madsen/Local Sites/fictional-university/app/public/wp-includes/template-loader.php(106): include()
#1 /Users/jandahl-madsen/Local Sites/fictional-university/app/public/wp-blog-header.php(19): require_once('/Users/jandahl-...')
#2 /Users/jandahl-madsen/Local Sites/fictional-university/app/public/index.php(17): require('/Users/jandahl-...')
#3 {main}
  thrown in /Users/jandahl-madsen/Local Sites/fictional-university/app/public/wp-content/themes/fictional-university-theme/index.php on line 5
[21-May-2020 11:05:48 UTC] PHP Parse error:  syntax error, unexpected 'while' (T_WHILE) in /Users/jandahl-madsen/Local Sites/fictional-university/app/public/wp-content/themes/fictional-university-theme/index.php on line 3
[21-May-2020 11:07:21 UTC] PHP Fatal error:  Uncaught Error: Call to undefined function get_hfooter() in /Users/jandahl-madsen/Local Sites/fictional-university/app/public/wp-content/themes/fictional-university-theme/index.php:12
Stack trace:
#0 /Users/jandahl-madsen/Local Sites/fictional-university/app/public/wp-includes/template-loader.php(106): include()
#1 /Users/jandahl-madsen/Local Sites/fictional-university/app/public/wp-blog-header.php(19): require_once('/Users/jandahl-...')
#2 /Users/jandahl-madsen/Local Sites/fictional-university/app/public/index.php(17): require('/Users/jandahl-...')
#3 {main}
  thrown in /Users/jandahl-madsen/Local Sites/fictional-university/app/public/wp-content/themes/fictional-university-theme/index.php on line 12
[21-May-2020 11:07:25 UTC] PHP Fatal error:  Uncaught Error: Call to undefined function get_hfooter() in /Users/jandahl-madsen/Local Sites/fictional-university/app/public/wp-content/themes/fictional-university-theme/index.php:12
Stack trace:
#0 /Users/jandahl-madsen/Local Sites/fictional-university/app/public/wp-includes/template-loader.php(106): include()
#1 /Users/jandahl-madsen/Local Sites/fictional-university/app/public/wp-blog-header.php(19): require_once('/Users/jandahl-...')
#2 /Users/jandahl-madsen/Local Sites/fictional-university/app/public/index.php(17): require('/Users/jandahl-...')
#3 {main}
  thrown in /Users/jandahl-madsen/Local Sites/fictional-university/app/public/wp-content/themes/fictional-university-theme/index.php on line 12
[21-May-2020 11:16:23 UTC] PHP Fatal error:  Uncaught ArgumentCountError: Too few arguments to function add_action(), 0 passed in /Users/jandahl-madsen/Local Sites/fictional-university/app/public/wp-content/themes/fictional-university-theme/functions.php on line 2 and at least 2 expected in /Users/jandahl-madsen/Local Sites/fictional-university/app/public/wp-includes/plugin.php:403
Stack trace:
#0 /Users/jandahl-madsen/Local Sites/fictional-university/app/public/wp-content/themes/fictional-university-theme/functions.php(2): add_action()
#1 /Users/jandahl-madsen/Local Sites/fictional-university/app/public/wp-settings.php(508): include('/Users/jandahl-...')
#2 /Users/jandahl-madsen/Local Sites/fictional-university/app/public/wp-config.php(77): require_once('/Users/jandahl-...')
#3 /Users/jandahl-madsen/Local Sites/fictional-university/app/public/wp-load.php(37): require_once('/Users/jandahl-...')
#4 /Users/jandahl-madsen/Local Sites/fictional-university/app/public/wp-admin/admin-ajax.php(22): require_once('/Users/jandahl-...')
#5 {main}
  thrown in /Users/jandahl-madsen/Local Sites/fictional-university/app/public/wp-includes/plugin.php on line 403
[21-May-2020 15:03:28 UTC] PHP Parse error:  syntax error, unexpected '}' in /Users/jandahl-madsen/Local Sites/fictional-university/app/public/wp-content/themes/fictional-university-theme/functions.php on line 12
[22-May-2020 08:02:44 UTC] PHP Fatal error:  Uncaught ArgumentCountError: Too few arguments to function wp_get_post_parent_id(), 0 passed in /Users/jandahl-madsen/Local Sites/fictional-university/app/public/wp-content/themes/fictional-university-theme/page.php on line 18 and exactly 1 expected in /Users/jandahl-madsen/Local Sites/fictional-university/app/public/wp-includes/post.php:6876
Stack trace:
#0 /Users/jandahl-madsen/Local Sites/fictional-university/app/public/wp-content/themes/fictional-university-theme/page.php(18): wp_get_post_parent_id()
#1 /Users/jandahl-madsen/Local Sites/fictional-university/app/public/wp-includes/template-loader.php(106): include('/Users/jandahl-...')
#2 /Users/jandahl-madsen/Local Sites/fictional-university/app/public/wp-blog-header.php(19): require_once('/Users/jandahl-...')
#3 /Users/jandahl-madsen/Local Sites/fictional-university/app/public/index.php(17): require('/Users/jandahl-...')
#4 {main}
  thrown in /Users/jandahl-madsen/Local Sites/fictional-university/app/public/wp-includes/post.php on line 6876
[22-May-2020 08:03:33 UTC] PHP Parse error:  syntax error, unexpected ';', expecting ')' in /Users/jandahl-madsen/Local Sites/fictional-university/app/public/wp-content/themes/fictional-university-theme/page.php on line 18
[22-May-2020 08:06:55 UTC] PHP Parse error:  syntax error, unexpected '<' in /Users/jandahl-madsen/Local Sites/fictional-university/app/public/wp-content/themes/fictional-university-theme/page.php on line 19
[22-May-2020 08:10:10 UTC] PHP Fatal error:  Uncaught Error: Call to undefined function get_theID() in /Users/jandahl-madsen/Local Sites/fictional-university/app/public/wp-content/themes/fictional-university-theme/page.php:21
Stack trace:
#0 /Users/jandahl-madsen/Local Sites/fictional-university/app/public/wp-includes/template-loader.php(106): include()
#1 /Users/jandahl-madsen/Local Sites/fictional-university/app/public/wp-blog-header.php(19): require_once('/Users/jandahl-...')
#2 /Users/jandahl-madsen/Local Sites/fictional-university/app/public/index.php(17): require('/Users/jandahl-...')
#3 {main}
  thrown in /Users/jandahl-madsen/Local Sites/fictional-university/app/public/wp-content/themes/fictional-university-theme/page.php on line 21
[22-May-2020 08:40:28 UTC] PHP Fatal error:  Uncaught Error: Call to undefined function get_theID() in /Users/jandahl-madsen/Local Sites/fictional-university/app/public/wp-content/themes/fictional-university-theme/page.php:36
Stack trace:
#0 /Users/jandahl-madsen/Local Sites/fictional-university/app/public/wp-includes/template-loader.php(106): include()
#1 /Users/jandahl-madsen/Local Sites/fictional-university/app/public/wp-blog-header.php(19): require_once('/Users/jandahl-...')
#2 /Users/jandahl-madsen/Local Sites/fictional-university/app/public/index.php(17): require('/Users/jandahl-...')
#3 {main}
  thrown in /Users/jandahl-madsen/Local Sites/fictional-university/app/public/wp-content/themes/fictional-university-theme/page.php on line 36
[22-May-2020 08:40:41 UTC] PHP Fatal error:  Uncaught Error: Call to undefined function get_theID() in /Users/jandahl-madsen/Local Sites/fictional-university/app/public/wp-content/themes/fictional-university-theme/page.php:36
Stack trace:
#0 /Users/jandahl-madsen/Local Sites/fictional-university/app/public/wp-includes/template-loader.php(106): include()
#1 /Users/jandahl-madsen/Local Sites/fictional-university/app/public/wp-blog-header.php(19): require_once('/Users/jandahl-...')
#2 /Users/jandahl-madsen/Local Sites/fictional-university/app/public/index.php(17): require('/Users/jandahl-...')
#3 {main}
  thrown in /Users/jandahl-madsen/Local Sites/fictional-university/app/public/wp-content/themes/fictional-university-theme/page.php on line 36
[22-May-2020 08:40:59 UTC] PHP Fatal error:  Uncaught Error: Call to undefined function get_theID() in /Users/jandahl-madsen/Local Sites/fictional-university/app/public/wp-content/themes/fictional-university-theme/page.php:36
Stack trace:
#0 /Users/jandahl-madsen/Local Sites/fictional-university/app/public/wp-includes/template-loader.php(106): include()
#1 /Users/jandahl-madsen/Local Sites/fictional-university/app/public/wp-blog-header.php(19): require_once('/Users/jandahl-...')
#2 /Users/jandahl-madsen/Local Sites/fictional-university/app/public/index.php(17): require('/Users/jandahl-...')
#3 {main}
  thrown in /Users/jandahl-madsen/Local Sites/fictional-university/app/public/wp-content/themes/fictional-university-theme/page.php on line 36
[22-May-2020 14:48:51 UTC] PHP Fatal error:  Uncaught Error: Call to undefined function theexcerpt() in /Users/jandahl-madsen/Local Sites/fictional-university/app/public/wp-content/themes/fictional-university-theme/index.php:22
Stack trace:
#0 /Users/jandahl-madsen/Local Sites/fictional-university/app/public/wp-includes/template-loader.php(106): include()
#1 /Users/jandahl-madsen/Local Sites/fictional-university/app/public/wp-blog-header.php(19): require_once('/Users/jandahl-...')
#2 /Users/jandahl-madsen/Local Sites/fictional-university/app/public/index.php(17): require('/Users/jandahl-...')
#3 {main}
  thrown in /Users/jandahl-madsen/Local Sites/fictional-university/app/public/wp-content/themes/fictional-university-theme/index.php on line 22
[22-May-2020 15:00:11 UTC] PHP Fatal error:  Uncaught Error: Call to undefined function get_the_catagory_list() in /Users/jandahl-madsen/Local Sites/fictional-university/app/public/wp-content/themes/fictional-university-theme/index.php:20
Stack trace:
#0 /Users/jandahl-madsen/Local Sites/fictional-university/app/public/wp-includes/template-loader.php(106): include()
#1 /Users/jandahl-madsen/Local Sites/fictional-university/app/public/wp-blog-header.php(19): require_once('/Users/jandahl-...')
#2 /Users/jandahl-madsen/Local Sites/fictional-university/app/public/index.php(17): require('/Users/jandahl-...')
#3 {main}
  thrown in /Users/jandahl-madsen/Local Sites/fictional-university/app/public/wp-content/themes/fictional-university-theme/index.php on line 20
[22-May-2020 19:45:24 UTC] PHP Parse error:  syntax error, unexpected 'echo' (T_ECHO) in /Users/jandahl-madsen/Local Sites/fictional-university/app/public/wp-content/themes/fictional-university-theme/archive.php on line 7
[22-May-2020 19:46:10 UTC] PHP Fatal error:  Uncaught Error: Call to undefined function is_catagory() in /Users/jandahl-madsen/Local Sites/fictional-university/app/public/wp-content/themes/fictional-university-theme/archive.php:6
Stack trace:
#0 /Users/jandahl-madsen/Local Sites/fictional-university/app/public/wp-includes/template-loader.php(106): include()
#1 /Users/jandahl-madsen/Local Sites/fictional-university/app/public/wp-blog-header.php(19): require_once('/Users/jandahl-...')
#2 /Users/jandahl-madsen/Local Sites/fictional-university/app/public/index.php(17): require('/Users/jandahl-...')
#3 {main}
  thrown in /Users/jandahl-madsen/Local Sites/fictional-university/app/public/wp-content/themes/fictional-university-theme/archive.php on line 6
[23-May-2020 07:07:46 UTC] PHP Warning:  time() expects exactly 0 parameters, 1 given in /Users/jandahl-madsen/Local Sites/fictional-university/app/public/wp-content/themes/fictional-university-theme/front-page.php on line 55
[23-May-2020 07:07:46 UTC] PHP Stack trace:
[23-May-2020 07:07:46 UTC] PHP   1. {main}() /Users/jandahl-madsen/Local Sites/fictional-university/app/public/index.php:0
[23-May-2020 07:07:46 UTC] PHP   2. require() /Users/jandahl-madsen/Local Sites/fictional-university/app/public/index.php:17
[23-May-2020 07:07:46 UTC] PHP   3. require_once() /Users/jandahl-madsen/Local Sites/fictional-university/app/public/wp-blog-header.php:19
[23-May-2020 07:07:46 UTC] PHP   4. include() /Users/jandahl-madsen/Local Sites/fictional-university/app/public/wp-includes/template-loader.php:106
[23-May-2020 07:07:46 UTC] PHP   5. time() /Users/jandahl-madsen/Local Sites/fictional-university/app/public/wp-content/themes/fictional-university-theme/front-page.php:55
[23-May-2020 07:07:46 UTC] PHP Warning:  time() expects exactly 0 parameters, 1 given in /Users/jandahl-madsen/Local Sites/fictional-university/app/public/wp-content/themes/fictional-university-theme/front-page.php on line 56
[23-May-2020 07:07:46 UTC] PHP Stack trace:
[23-May-2020 07:07:46 UTC] PHP   1. {main}() /Users/jandahl-madsen/Local Sites/fictional-university/app/public/index.php:0
[23-May-2020 07:07:46 UTC] PHP   2. require() /Users/jandahl-madsen/Local Sites/fictional-university/app/public/index.php:17
[23-May-2020 07:07:46 UTC] PHP   3. require_once() /Users/jandahl-madsen/Local Sites/fictional-university/app/public/wp-blog-header.php:19
[23-May-2020 07:07:46 UTC] PHP   4. include() /Users/jandahl-madsen/Local Sites/fictional-university/app/public/wp-includes/template-loader.php:106
[23-May-2020 07:07:46 UTC] PHP   5. time() /Users/jandahl-madsen/Local Sites/fictional-university/app/public/wp-content/themes/fictional-university-theme/front-page.php:56
[23-May-2020 07:07:46 UTC] PHP Warning:  Use of undefined constant get_the_content - assumed 'get_the_content' (this will throw an Error in a future version of PHP) in /Users/jandahl-madsen/Local Sites/fictional-university/app/public/wp-content/themes/fictional-university-theme/front-page.php on line 60
[23-May-2020 07:07:46 UTC] PHP Stack trace:
[23-May-2020 07:07:46 UTC] PHP   1. {main}() /Users/jandahl-madsen/Local Sites/fictional-university/app/public/index.php:0
[23-May-2020 07:07:46 UTC] PHP   2. require() /Users/jandahl-madsen/Local Sites/fictional-university/app/public/index.php:17
[23-May-2020 07:07:46 UTC] PHP   3. require_once() /Users/jandahl-madsen/Local Sites/fictional-university/app/public/wp-blog-header.php:19
[23-May-2020 07:07:46 UTC] PHP   4. include() /Users/jandahl-madsen/Local Sites/fictional-university/app/public/wp-includes/template-loader.php:106
[23-May-2020 07:07:46 UTC] PHP Warning:  time() expects exactly 0 parameters, 1 given in /Users/jandahl-madsen/Local Sites/fictional-university/app/public/wp-content/themes/fictional-university-theme/front-page.php on line 55
[23-May-2020 07:07:46 UTC] PHP Stack trace:
[23-May-2020 07:07:46 UTC] PHP   1. {main}() /Users/jandahl-madsen/Local Sites/fictional-university/app/public/index.php:0
[23-May-2020 07:07:46 UTC] PHP   2. require() /Users/jandahl-madsen/Local Sites/fictional-university/app/public/index.php:17
[23-May-2020 07:07:46 UTC] PHP   3. require_once() /Users/jandahl-madsen/Local Sites/fictional-university/app/public/wp-blog-header.php:19
[23-May-2020 07:07:46 UTC] PHP   4. include() /Users/jandahl-madsen/Local Sites/fictional-university/app/public/wp-includes/template-loader.php:106
[23-May-2020 07:07:46 UTC] PHP   5. time() /Users/jandahl-madsen/Local Sites/fictional-university/app/public/wp-content/themes/fictional-university-theme/front-page.php:55
[23-May-2020 07:07:46 UTC] PHP Warning:  time() expects exactly 0 parameters, 1 given in /Users/jandahl-madsen/Local Sites/fictional-university/app/public/wp-content/themes/fictional-university-theme/front-page.php on line 56
[23-May-2020 07:07:46 UTC] PHP Stack trace:
[23-May-2020 07:07:46 UTC] PHP   1. {main}() /Users/jandahl-madsen/Local Sites/fictional-university/app/public/index.php:0
[23-May-2020 07:07:46 UTC] PHP   2. require() /Users/jandahl-madsen/Local Sites/fictional-university/app/public/index.php:17
[23-May-2020 07:07:46 UTC] PHP   3. require_once() /Users/jandahl-madsen/Local Sites/fictional-university/app/public/wp-blog-header.php:19
[23-May-2020 07:07:46 UTC] PHP   4. include() /Users/jandahl-madsen/Local Sites/fictional-university/app/public/wp-includes/template-loader.php:106
[23-May-2020 07:07:46 UTC] PHP   5. time() /Users/jandahl-madsen/Local Sites/fictional-university/app/public/wp-content/themes/fictional-university-theme/front-page.php:56
[23-May-2020 07:07:46 UTC] PHP Warning:  Use of undefined constant get_the_content - assumed 'get_the_content' (this will throw an Error in a future version of PHP) in /Users/jandahl-madsen/Local Sites/fictional-university/app/public/wp-content/themes/fictional-university-theme/front-page.php on line 60
[23-May-2020 07:07:46 UTC] PHP Stack trace:
[23-May-2020 07:07:46 UTC] PHP   1. {main}() /Users/jandahl-madsen/Local Sites/fictional-university/app/public/index.php:0
[23-May-2020 07:07:46 UTC] PHP   2. require() /Users/jandahl-madsen/Local Sites/fictional-university/app/public/index.php:17
[23-May-2020 07:07:46 UTC] PHP   3. require_once() /Users/jandahl-madsen/Local Sites/fictional-university/app/public/wp-blog-header.php:19
[23-May-2020 07:07:46 UTC] PHP   4. include() /Users/jandahl-madsen/Local Sites/fictional-university/app/public/wp-includes/template-loader.php:106
[23-May-2020 07:08:34 UTC] PHP Warning:  Use of undefined constant get_the_content - assumed 'get_the_content' (this will throw an Error in a future version of PHP) in /Users/jandahl-madsen/Local Sites/fictional-university/app/public/wp-content/themes/fictional-university-theme/front-page.php on line 60
[23-May-2020 07:08:34 UTC] PHP Stack trace:
[23-May-2020 07:08:34 UTC] PHP   1. {main}() /Users/jandahl-madsen/Local Sites/fictional-university/app/public/index.php:0
[23-May-2020 07:08:34 UTC] PHP   2. require() /Users/jandahl-madsen/Local Sites/fictional-university/app/public/index.php:17
[23-May-2020 07:08:34 UTC] PHP   3. require_once() /Users/jandahl-madsen/Local Sites/fictional-university/app/public/wp-blog-header.php:19
[23-May-2020 07:08:34 UTC] PHP   4. include() /Users/jandahl-madsen/Local Sites/fictional-university/app/public/wp-includes/template-loader.php:106
[23-May-2020 07:08:34 UTC] PHP Warning:  Use of undefined constant get_the_content - assumed 'get_the_content' (this will throw an Error in a future version of PHP) in /Users/jandahl-madsen/Local Sites/fictional-university/app/public/wp-content/themes/fictional-university-theme/front-page.php on line 60
[23-May-2020 07:08:34 UTC] PHP Stack trace:
[23-May-2020 07:08:34 UTC] PHP   1. {main}() /Users/jandahl-madsen/Local Sites/fictional-university/app/public/index.php:0
[23-May-2020 07:08:34 UTC] PHP   2. require() /Users/jandahl-madsen/Local Sites/fictional-university/app/public/index.php:17
[23-May-2020 07:08:34 UTC] PHP   3. require_once() /Users/jandahl-madsen/Local Sites/fictional-university/app/public/wp-blog-header.php:19
[23-May-2020 07:08:34 UTC] PHP   4. include() /Users/jandahl-madsen/Local Sites/fictional-university/app/public/wp-includes/template-loader.php:106
[24-May-2020 06:31:51 UTC] PHP Parse error:  syntax error, unexpected 'function' (T_FUNCTION) in /Users/jandahl-madsen/Local Sites/fictional-university/app/public/wp-content/themes/fictional-university-theme/functions.php on line 18
[24-May-2020 06:37:40 UTC] PHP Parse error:  syntax error, unexpected ')' in /Users/jandahl-madsen/Local Sites/fictional-university/app/public/wp-content/themes/fictional-university-theme/functions.php on line 22
[24-May-2020 08:21:58 UTC] PHP Parse error:  syntax error, unexpected '}', expecting ',' or ';' in /Users/jandahl-madsen/Local Sites/fictional-university/app/public/wp-content/themes/fictional-university-theme/front-page.php on line 63
[24-May-2020 12:04:48 UTC] PHP Fatal error:  Uncaught Error: Call to undefined function is_get_post_type() in /Users/jandahl-madsen/Local Sites/fictional-university/app/public/wp-content/themes/fictional-university-theme/header.php:23
Stack trace:
#0 /Users/jandahl-madsen/Local Sites/fictional-university/app/public/wp-includes/template.php(723): require_once()
#1 /Users/jandahl-madsen/Local Sites/fictional-university/app/public/wp-includes/template.php(672): load_template('/Users/jandahl-...', true)
#2 /Users/jandahl-madsen/Local Sites/fictional-university/app/public/wp-includes/general-template.php(41): locate_template(Array, true)
#3 /Users/jandahl-madsen/Local Sites/fictional-university/app/public/wp-content/themes/fictional-university-theme/front-page.php(1): get_header()
#4 /Users/jandahl-madsen/Local Sites/fictional-university/app/public/wp-includes/template-loader.php(106): include('/Users/jandahl-...')
#5 /Users/jandahl-madsen/Local Sites/fictional-university/app/public/wp-blog-header.php(19): require_once('/Users/jandahl-...')
#6 /Users/jandahl in /Users/jandahl-madsen/Local Sites/fictional-university/app/public/wp-content/themes/fictional-university-theme/header.php on line 23
[24-May-2020 12:05:08 UTC] PHP Fatal error:  Uncaught Error: Call to undefined function is_get_post_type() in /Users/jandahl-madsen/Local Sites/fictional-university/app/public/wp-content/themes/fictional-university-theme/header.php:23
Stack trace:
#0 /Users/jandahl-madsen/Local Sites/fictional-university/app/public/wp-includes/template.php(723): require_once()
#1 /Users/jandahl-madsen/Local Sites/fictional-university/app/public/wp-includes/template.php(672): load_template('/Users/jandahl-...', true)
#2 /Users/jandahl-madsen/Local Sites/fictional-university/app/public/wp-includes/general-template.php(41): locate_template(Array, true)
#3 /Users/jandahl-madsen/Local Sites/fictional-university/app/public/wp-content/themes/fictional-university-theme/archive-event.php(2): get_header()
#4 /Users/jandahl-madsen/Local Sites/fictional-university/app/public/wp-includes/template-loader.php(106): include('/Users/jandahl-...')
#5 /Users/jandahl-madsen/Local Sites/fictional-university/app/public/wp-blog-header.php(19): require_once('/Users/jandahl-...')
#6 /Users/jand in /Users/jandahl-madsen/Local Sites/fictional-university/app/public/wp-content/themes/fictional-university-theme/header.php on line 23
[24-May-2020 12:05:14 UTC] PHP Fatal error:  Uncaught Error: Call to undefined function is_get_post_type() in /Users/jandahl-madsen/Local Sites/fictional-university/app/public/wp-content/themes/fictional-university-theme/header.php:23
Stack trace:
#0 /Users/jandahl-madsen/Local Sites/fictional-university/app/public/wp-includes/template.php(723): require_once()
#1 /Users/jandahl-madsen/Local Sites/fictional-university/app/public/wp-includes/template.php(672): load_template('/Users/jandahl-...', true)
#2 /Users/jandahl-madsen/Local Sites/fictional-university/app/public/wp-includes/general-template.php(41): locate_template(Array, true)
#3 /Users/jandahl-madsen/Local Sites/fictional-university/app/public/wp-content/themes/fictional-university-theme/front-page.php(1): get_header()
#4 /Users/jandahl-madsen/Local Sites/fictional-university/app/public/wp-includes/template-loader.php(106): include('/Users/jandahl-...')
#5 /Users/jandahl-madsen/Local Sites/fictional-university/app/public/wp-blog-header.php(19): require_once('/Users/jandahl-...')
#6 /Users/jandahl in /Users/jandahl-madsen/Local Sites/fictional-university/app/public/wp-content/themes/fictional-university-theme/header.php on line 23
[24-May-2020 12:05:26 UTC] PHP Fatal error:  Uncaught Error: Call to undefined function is_get_post_type() in /Users/jandahl-madsen/Local Sites/fictional-university/app/public/wp-content/themes/fictional-university-theme/header.php:23
Stack trace:
#0 /Users/jandahl-madsen/Local Sites/fictional-university/app/public/wp-includes/template.php(723): require_once()
#1 /Users/jandahl-madsen/Local Sites/fictional-university/app/public/wp-includes/template.php(672): load_template('/Users/jandahl-...', true)
#2 /Users/jandahl-madsen/Local Sites/fictional-university/app/public/wp-includes/general-template.php(41): locate_template(Array, true)
#3 /Users/jandahl-madsen/Local Sites/fictional-university/app/public/wp-content/themes/fictional-university-theme/front-page.php(1): get_header()
#4 /Users/jandahl-madsen/Local Sites/fictional-university/app/public/wp-includes/template-loader.php(106): include('/Users/jandahl-...')
#5 /Users/jandahl-madsen/Local Sites/fictional-university/app/public/wp-blog-header.php(19): require_once('/Users/jandahl-...')
#6 /Users/jandahl in /Users/jandahl-madsen/Local Sites/fictional-university/app/public/wp-content/themes/fictional-university-theme/header.php on line 23
[24-May-2020 12:05:45 UTC] PHP Fatal error:  Uncaught Error: Call to undefined function is_get_post_type() in /Users/jandahl-madsen/Local Sites/fictional-university/app/public/wp-content/themes/fictional-university-theme/header.php:23
Stack trace:
#0 /Users/jandahl-madsen/Local Sites/fictional-university/app/public/wp-includes/template.php(723): require_once()
#1 /Users/jandahl-madsen/Local Sites/fictional-university/app/public/wp-includes/template.php(672): load_template('/Users/jandahl-...', true)
#2 /Users/jandahl-madsen/Local Sites/fictional-university/app/public/wp-includes/general-template.php(41): locate_template(Array, true)
#3 /Users/jandahl-madsen/Local Sites/fictional-university/app/public/wp-content/themes/fictional-university-theme/front-page.php(1): get_header()
#4 /Users/jandahl-madsen/Local Sites/fictional-university/app/public/wp-includes/template-loader.php(106): include('/Users/jandahl-...')
#5 /Users/jandahl-madsen/Local Sites/fictional-university/app/public/wp-blog-header.php(19): require_once('/Users/jandahl-...')
#6 /Users/jandahl in /Users/jandahl-madsen/Local Sites/fictional-university/app/public/wp-content/themes/fictional-university-theme/header.php on line 23
[24-May-2020 12:07:23 UTC] PHP Fatal error:  Uncaught Error: Call to undefined function is_get_post_type() in /Users/jandahl-madsen/Local Sites/fictional-university/app/public/wp-content/themes/fictional-university-theme/header.php:23
Stack trace:
#0 /Users/jandahl-madsen/Local Sites/fictional-university/app/public/wp-includes/template.php(723): require_once()
#1 /Users/jandahl-madsen/Local Sites/fictional-university/app/public/wp-includes/template.php(672): load_template('/Users/jandahl-...', true)
#2 /Users/jandahl-madsen/Local Sites/fictional-university/app/public/wp-includes/general-template.php(41): locate_template(Array, true)
#3 /Users/jandahl-madsen/Local Sites/fictional-university/app/public/wp-content/themes/fictional-university-theme/front-page.php(1): get_header()
#4 /Users/jandahl-madsen/Local Sites/fictional-university/app/public/wp-includes/template-loader.php(106): include('/Users/jandahl-...')
#5 /Users/jandahl-madsen/Local Sites/fictional-university/app/public/wp-blog-header.php(19): require_once('/Users/jandahl-...')
#6 /Users/jandahl in /Users/jandahl-madsen/Local Sites/fictional-university/app/public/wp-content/themes/fictional-university-theme/header.php on line 23
[24-May-2020 12:07:57 UTC] PHP Fatal error:  Uncaught Error: Call to undefined function is_get_post_type() in /Users/jandahl-madsen/Local Sites/fictional-university/app/public/wp-content/themes/fictional-university-theme/header.php:23
Stack trace:
#0 /Users/jandahl-madsen/Local Sites/fictional-university/app/public/wp-includes/template.php(723): require_once()
#1 /Users/jandahl-madsen/Local Sites/fictional-university/app/public/wp-includes/template.php(672): load_template('/Users/jandahl-...', true)
#2 /Users/jandahl-madsen/Local Sites/fictional-university/app/public/wp-includes/general-template.php(41): locate_template(Array, true)
#3 /Users/jandahl-madsen/Local Sites/fictional-university/app/public/wp-content/themes/fictional-university-theme/front-page.php(1): get_header()
#4 /Users/jandahl-madsen/Local Sites/fictional-university/app/public/wp-includes/template-loader.php(106): include('/Users/jandahl-...')
#5 /Users/jandahl-madsen/Local Sites/fictional-university/app/public/wp-blog-header.php(19): require_once('/Users/jandahl-...')
#6 /Users/jandahl in /Users/jandahl-madsen/Local Sites/fictional-university/app/public/wp-content/themes/fictional-university-theme/header.php on line 23
[24-May-2020 12:08:04 UTC] PHP Fatal error:  Uncaught Error: Call to undefined function is_get_post_type() in /Users/jandahl-madsen/Local Sites/fictional-university/app/public/wp-content/themes/fictional-university-theme/header.php:23
Stack trace:
#0 /Users/jandahl-madsen/Local Sites/fictional-university/app/public/wp-includes/template.php(723): require_once()
#1 /Users/jandahl-madsen/Local Sites/fictional-university/app/public/wp-includes/template.php(672): load_template('/Users/jandahl-...', true)
#2 /Users/jandahl-madsen/Local Sites/fictional-university/app/public/wp-includes/general-template.php(41): locate_template(Array, true)
#3 /Users/jandahl-madsen/Local Sites/fictional-university/app/public/wp-content/themes/fictional-university-theme/front-page.php(1): get_header()
#4 /Users/jandahl-madsen/Local Sites/fictional-university/app/public/wp-includes/template-loader.php(106): include('/Users/jandahl-...')
#5 /Users/jandahl-madsen/Local Sites/fictional-university/app/public/wp-blog-header.php(19): require_once('/Users/jandahl-...')
#6 /Users/jandahl in /Users/jandahl-madsen/Local Sites/fictional-university/app/public/wp-content/themes/fictional-university-theme/header.php on line 23
[24-May-2020 12:08:31 UTC] PHP Fatal error:  Uncaught Error: Call to undefined function is_get_post_type() in /Users/jandahl-madsen/Local Sites/fictional-university/app/public/wp-content/themes/fictional-university-theme/header.php:23
Stack trace:
#0 /Users/jandahl-madsen/Local Sites/fictional-university/app/public/wp-includes/template.php(723): require_once()
#1 /Users/jandahl-madsen/Local Sites/fictional-university/app/public/wp-includes/template.php(672): load_template('/Users/jandahl-...', true)
#2 /Users/jandahl-madsen/Local Sites/fictional-university/app/public/wp-includes/general-template.php(41): locate_template(Array, true)
#3 /Users/jandahl-madsen/Local Sites/fictional-university/app/public/wp-content/themes/fictional-university-theme/front-page.php(1): get_header()
#4 /Users/jandahl-madsen/Local Sites/fictional-university/app/public/wp-includes/template-loader.php(106): include('/Users/jandahl-...')
#5 /Users/jandahl-madsen/Local Sites/fictional-university/app/public/wp-blog-header.php(19): require_once('/Users/jandahl-...')
#6 /Users/jandahl in /Users/jandahl-madsen/Local Sites/fictional-university/app/public/wp-content/themes/fictional-university-theme/header.php on line 23
[24-May-2020 12:10:10 UTC] PHP Fatal error:  Uncaught Error: Call to undefined function is_get_post_type() in /Users/jandahl-madsen/Local Sites/fictional-university/app/public/wp-content/themes/fictional-university-theme/header.php:23
Stack trace:
#0 /Users/jandahl-madsen/Local Sites/fictional-university/app/public/wp-includes/template.php(723): require_once()
#1 /Users/jandahl-madsen/Local Sites/fictional-university/app/public/wp-includes/template.php(672): load_template('/Users/jandahl-...', true)
#2 /Users/jandahl-madsen/Local Sites/fictional-university/app/public/wp-includes/general-template.php(41): locate_template(Array, true)
#3 /Users/jandahl-madsen/Local Sites/fictional-university/app/public/wp-content/themes/fictional-university-theme/front-page.php(1): get_header()
#4 /Users/jandahl-madsen/Local Sites/fictional-university/app/public/wp-includes/template-loader.php(106): include('/Users/jandahl-...')
#5 /Users/jandahl-madsen/Local Sites/fictional-university/app/public/wp-blog-header.php(19): require_once('/Users/jandahl-...')
#6 /Users/jandahl in /Users/jandahl-madsen/Local Sites/fictional-university/app/public/wp-content/themes/fictional-university-theme/header.php on line 23
[24-May-2020 12:11:12 UTC] PHP Fatal error:  Uncaught Error: Call to undefined function is_get_post_type() in /Users/jandahl-madsen/Local Sites/fictional-university/app/public/wp-content/themes/fictional-university-theme/header.php:23
Stack trace:
#0 /Users/jandahl-madsen/Local Sites/fictional-university/app/public/wp-includes/template.php(723): require_once()
#1 /Users/jandahl-madsen/Local Sites/fictional-university/app/public/wp-includes/template.php(672): load_template('/Users/jandahl-...', true)
#2 /Users/jandahl-madsen/Local Sites/fictional-university/app/public/wp-includes/general-template.php(41): locate_template(Array, true)
#3 /Users/jandahl-madsen/Local Sites/fictional-university/app/public/wp-content/themes/fictional-university-theme/front-page.php(1): get_header()
#4 /Users/jandahl-madsen/Local Sites/fictional-university/app/public/wp-includes/template-loader.php(106): include('/Users/jandahl-...')
#5 /Users/jandahl-madsen/Local Sites/fictional-university/app/public/wp-blog-header.php(19): require_once('/Users/jandahl-...')
#6 /Users/jandahl in /Users/jandahl-madsen/Local Sites/fictional-university/app/public/wp-content/themes/fictional-university-theme/header.php on line 23
[24-May-2020 12:13:58 UTC] PHP Fatal error:  Uncaught Error: Call to undefined function is_get_post_type() in /Users/jandahl-madsen/Local Sites/fictional-university/app/public/wp-content/themes/fictional-university-theme/header.php:23
Stack trace:
#0 /Users/jandahl-madsen/Local Sites/fictional-university/app/public/wp-includes/template.php(723): require_once()
#1 /Users/jandahl-madsen/Local Sites/fictional-university/app/public/wp-includes/template.php(672): load_template('/Users/jandahl-...', true)
#2 /Users/jandahl-madsen/Local Sites/fictional-university/app/public/wp-includes/general-template.php(41): locate_template(Array, true)
#3 /Users/jandahl-madsen/Local Sites/fictional-university/app/public/wp-content/themes/fictional-university-theme/front-page.php(1): get_header()
#4 /Users/jandahl-madsen/Local Sites/fictional-university/app/public/wp-includes/template-loader.php(106): include('/Users/jandahl-...')
#5 /Users/jandahl-madsen/Local Sites/fictional-university/app/public/wp-blog-header.php(19): require_once('/Users/jandahl-...')
#6 /Users/jandahl in /Users/jandahl-madsen/Local Sites/fictional-university/app/public/wp-content/themes/fictional-university-theme/header.php on line 23
[24-May-2020 12:14:11 UTC] PHP Fatal error:  Uncaught Error: Call to undefined function is_get_post_type() in /Users/jandahl-madsen/Local Sites/fictional-university/app/public/wp-content/themes/fictional-university-theme/header.php:23
Stack trace:
#0 /Users/jandahl-madsen/Local Sites/fictional-university/app/public/wp-includes/template.php(723): require_once()
#1 /Users/jandahl-madsen/Local Sites/fictional-university/app/public/wp-includes/template.php(672): load_template('/Users/jandahl-...', true)
#2 /Users/jandahl-madsen/Local Sites/fictional-university/app/public/wp-includes/general-template.php(41): locate_template(Array, true)
#3 /Users/jandahl-madsen/Local Sites/fictional-university/app/public/wp-content/themes/fictional-university-theme/front-page.php(1): get_header()
#4 /Users/jandahl-madsen/Local Sites/fictional-university/app/public/wp-includes/template-loader.php(106): include('/Users/jandahl-...')
#5 /Users/jandahl-madsen/Local Sites/fictional-university/app/public/wp-blog-header.php(19): require_once('/Users/jandahl-...')
#6 /Users/jandahl in /Users/jandahl-madsen/Local Sites/fictional-university/app/public/wp-content/themes/fictional-university-theme/header.php on line 23
[24-May-2020 12:16:06 UTC] PHP Fatal error:  Uncaught Error: Call to undefined function is_get_post_type() in /Users/jandahl-madsen/Local Sites/fictional-university/app/public/wp-content/themes/fictional-university-theme/header.php:23
Stack trace:
#0 /Users/jandahl-madsen/Local Sites/fictional-university/app/public/wp-includes/template.php(723): require_once()
#1 /Users/jandahl-madsen/Local Sites/fictional-university/app/public/wp-includes/template.php(672): load_template('/Users/jandahl-...', true)
#2 /Users/jandahl-madsen/Local Sites/fictional-university/app/public/wp-includes/general-template.php(41): locate_template(Array, true)
#3 /Users/jandahl-madsen/Local Sites/fictional-university/app/public/wp-content/themes/fictional-university-theme/front-page.php(1): get_header()
#4 /Users/jandahl-madsen/Local Sites/fictional-university/app/public/wp-includes/template-loader.php(106): include('/Users/jandahl-...')
#5 /Users/jandahl-madsen/Local Sites/fictional-university/app/public/wp-blog-header.php(19): require_once('/Users/jandahl-...')
#6 /Users/jandahl in /Users/jandahl-madsen/Local Sites/fictional-university/app/public/wp-content/themes/fictional-university-theme/header.php on line 23
[24-May-2020 12:16:34 UTC] PHP Fatal error:  Uncaught Error: Call to undefined function is_get_post_type() in /Users/jandahl-madsen/Local Sites/fictional-university/app/public/wp-content/themes/fictional-university-theme/header.php:23
Stack trace:
#0 /Users/jandahl-madsen/Local Sites/fictional-university/app/public/wp-includes/template.php(723): require_once()
#1 /Users/jandahl-madsen/Local Sites/fictional-university/app/public/wp-includes/template.php(672): load_template('/Users/jandahl-...', true)
#2 /Users/jandahl-madsen/Local Sites/fictional-university/app/public/wp-includes/general-template.php(41): locate_template(Array, true)
#3 /Users/jandahl-madsen/Local Sites/fictional-university/app/public/wp-content/themes/fictional-university-theme/front-page.php(1): get_header()
#4 /Users/jandahl-madsen/Local Sites/fictional-university/app/public/wp-includes/template-loader.php(106): include('/Users/jandahl-...')
#5 /Users/jandahl-madsen/Local Sites/fictional-university/app/public/wp-blog-header.php(19): require_once('/Users/jandahl-...')
#6 /Users/jandahl in /Users/jandahl-madsen/Local Sites/fictional-university/app/public/wp-content/themes/fictional-university-theme/header.php on line 23
[24-May-2020 12:16:35 UTC] PHP Fatal error:  Uncaught Error: Call to undefined function is_get_post_type() in /Users/jandahl-madsen/Local Sites/fictional-university/app/public/wp-content/themes/fictional-university-theme/header.php:23
Stack trace:
#0 /Users/jandahl-madsen/Local Sites/fictional-university/app/public/wp-includes/template.php(723): require_once()
#1 /Users/jandahl-madsen/Local Sites/fictional-university/app/public/wp-includes/template.php(672): load_template('/Users/jandahl-...', true)
#2 /Users/jandahl-madsen/Local Sites/fictional-university/app/public/wp-includes/general-template.php(41): locate_template(Array, true)
#3 /Users/jandahl-madsen/Local Sites/fictional-university/app/public/wp-content/themes/fictional-university-theme/front-page.php(1): get_header()
#4 /Users/jandahl-madsen/Local Sites/fictional-university/app/public/wp-includes/template-loader.php(106): include('/Users/jandahl-...')
#5 /Users/jandahl-madsen/Local Sites/fictional-university/app/public/wp-blog-header.php(19): require_once('/Users/jandahl-...')
#6 /Users/jandahl in /Users/jandahl-madsen/Local Sites/fictional-university/app/public/wp-content/themes/fictional-university-theme/header.php on line 23
[24-May-2020 12:16:41 UTC] PHP Fatal error:  Uncaught Error: Call to undefined function is_get_post_type() in /Users/jandahl-madsen/Local Sites/fictional-university/app/public/wp-content/themes/fictional-university-theme/header.php:23
Stack trace:
#0 /Users/jandahl-madsen/Local Sites/fictional-university/app/public/wp-includes/template.php(723): require_once()
#1 /Users/jandahl-madsen/Local Sites/fictional-university/app/public/wp-includes/template.php(672): load_template('/Users/jandahl-...', true)
#2 /Users/jandahl-madsen/Local Sites/fictional-university/app/public/wp-includes/general-template.php(41): locate_template(Array, true)
#3 /Users/jandahl-madsen/Local Sites/fictional-university/app/public/wp-content/themes/fictional-university-theme/front-page.php(1): get_header()
#4 /Users/jandahl-madsen/Local Sites/fictional-university/app/public/wp-includes/template-loader.php(106): include('/Users/jandahl-...')
#5 /Users/jandahl-madsen/Local Sites/fictional-university/app/public/wp-blog-header.php(19): require_once('/Users/jandahl-...')
#6 /Users/jandahl in /Users/jandahl-madsen/Local Sites/fictional-university/app/public/wp-content/themes/fictional-university-theme/header.php on line 23
[24-May-2020 12:17:01 UTC] PHP Fatal error:  Uncaught Error: Call to undefined function is_get_post_type() in /Users/jandahl-madsen/Local Sites/fictional-university/app/public/wp-content/themes/fictional-university-theme/header.php:23
Stack trace:
#0 /Users/jandahl-madsen/Local Sites/fictional-university/app/public/wp-includes/template.php(723): require_once()
#1 /Users/jandahl-madsen/Local Sites/fictional-university/app/public/wp-includes/template.php(672): load_template('/Users/jandahl-...', true)
#2 /Users/jandahl-madsen/Local Sites/fictional-university/app/public/wp-includes/general-template.php(41): locate_template(Array, true)
#3 /Users/jandahl-madsen/Local Sites/fictional-university/app/public/wp-content/themes/fictional-university-theme/front-page.php(1): get_header()
#4 /Users/jandahl-madsen/Local Sites/fictional-university/app/public/wp-includes/template-loader.php(106): include('/Users/jandahl-...')
#5 /Users/jandahl-madsen/Local Sites/fictional-university/app/public/wp-blog-header.php(19): require_once('/Users/jandahl-...')
#6 /Users/jandahl in /Users/jandahl-madsen/Local Sites/fictional-university/app/public/wp-content/themes/fictional-university-theme/header.php on line 23
[24-May-2020 12:17:08 UTC] PHP Fatal error:  Uncaught Error: Call to undefined function is_get_post_type() in /Users/jandahl-madsen/Local Sites/fictional-university/app/public/wp-content/themes/fictional-university-theme/header.php:23
Stack trace:
#0 /Users/jandahl-madsen/Local Sites/fictional-university/app/public/wp-includes/template.php(723): require_once()
#1 /Users/jandahl-madsen/Local Sites/fictional-university/app/public/wp-includes/template.php(672): load_template('/Users/jandahl-...', true)
#2 /Users/jandahl-madsen/Local Sites/fictional-university/app/public/wp-includes/general-template.php(41): locate_template(Array, true)
#3 /Users/jandahl-madsen/Local Sites/fictional-university/app/public/wp-content/themes/fictional-university-theme/front-page.php(1): get_header()
#4 /Users/jandahl-madsen/Local Sites/fictional-university/app/public/wp-includes/template-loader.php(106): include('/Users/jandahl-...')
#5 /Users/jandahl-madsen/Local Sites/fictional-university/app/public/wp-blog-header.php(19): require_once('/Users/jandahl-...')
#6 /Users/jandahl in /Users/jandahl-madsen/Local Sites/fictional-university/app/public/wp-content/themes/fictional-university-theme/header.php on line 23
[24-May-2020 12:18:30 UTC] PHP Fatal error:  Uncaught Error: Call to undefined function is_get_post_type() in /Users/jandahl-madsen/Local Sites/fictional-university/app/public/wp-content/themes/fictional-university-theme/header.php:23
Stack trace:
#0 /Users/jandahl-madsen/Local Sites/fictional-university/app/public/wp-includes/template.php(723): require_once()
#1 /Users/jandahl-madsen/Local Sites/fictional-university/app/public/wp-includes/template.php(672): load_template('/Users/jandahl-...', true)
#2 /Users/jandahl-madsen/Local Sites/fictional-university/app/public/wp-includes/general-template.php(41): locate_template(Array, true)
#3 /Users/jandahl-madsen/Local Sites/fictional-university/app/public/wp-content/themes/fictional-university-theme/front-page.php(1): get_header()
#4 /Users/jandahl-madsen/Local Sites/fictional-university/app/public/wp-includes/template-loader.php(106): include('/Users/jandahl-...')
#5 /Users/jandahl-madsen/Local Sites/fictional-university/app/public/wp-blog-header.php(19): require_once('/Users/jandahl-...')
#6 /Users/jandahl in /Users/jandahl-madsen/Local Sites/fictional-university/app/public/wp-content/themes/fictional-university-theme/header.php on line 23
[24-May-2020 12:18:34 UTC] PHP Fatal error:  Uncaught Error: Call to undefined function is_get_post_type() in /Users/jandahl-madsen/Local Sites/fictional-university/app/public/wp-content/themes/fictional-university-theme/header.php:23
Stack trace:
#0 /Users/jandahl-madsen/Local Sites/fictional-university/app/public/wp-includes/template.php(723): require_once()
#1 /Users/jandahl-madsen/Local Sites/fictional-university/app/public/wp-includes/template.php(672): load_template('/Users/jandahl-...', true)
#2 /Users/jandahl-madsen/Local Sites/fictional-university/app/public/wp-includes/general-template.php(41): locate_template(Array, true)
#3 /Users/jandahl-madsen/Local Sites/fictional-university/app/public/wp-content/themes/fictional-university-theme/front-page.php(1): get_header()
#4 /Users/jandahl-madsen/Local Sites/fictional-university/app/public/wp-includes/template-loader.php(106): include('/Users/jandahl-...')
#5 /Users/jandahl-madsen/Local Sites/fictional-university/app/public/wp-blog-header.php(19): require_once('/Users/jandahl-...')
#6 /Users/jandahl in /Users/jandahl-madsen/Local Sites/fictional-university/app/public/wp-content/themes/fictional-university-theme/header.php on line 23
[24-May-2020 12:18:39 UTC] PHP Fatal error:  Uncaught Error: Call to undefined function is_get_post_type() in /Users/jandahl-madsen/Local Sites/fictional-university/app/public/wp-content/themes/fictional-university-theme/header.php:23
Stack trace:
#0 /Users/jandahl-madsen/Local Sites/fictional-university/app/public/wp-includes/template.php(723): require_once()
#1 /Users/jandahl-madsen/Local Sites/fictional-university/app/public/wp-includes/template.php(672): load_template('/Users/jandahl-...', true)
#2 /Users/jandahl-madsen/Local Sites/fictional-university/app/public/wp-includes/general-template.php(41): locate_template(Array, true)
#3 /Users/jandahl-madsen/Local Sites/fictional-university/app/public/wp-content/themes/fictional-university-theme/front-page.php(1): get_header()
#4 /Users/jandahl-madsen/Local Sites/fictional-university/app/public/wp-includes/template-loader.php(106): include('/Users/jandahl-...')
#5 /Users/jandahl-madsen/Local Sites/fictional-university/app/public/wp-blog-header.php(19): require_once('/Users/jandahl-...')
#6 /Users/jandahl in /Users/jandahl-madsen/Local Sites/fictional-university/app/public/wp-content/themes/fictional-university-theme/header.php on line 23
[24-May-2020 12:19:33 UTC] PHP Fatal error:  Uncaught Error: Call to undefined function is_get_post_type() in /Users/jandahl-madsen/Local Sites/fictional-university/app/public/wp-content/themes/fictional-university-theme/header.php:23
Stack trace:
#0 /Users/jandahl-madsen/Local Sites/fictional-university/app/public/wp-includes/template.php(723): require_once()
#1 /Users/jandahl-madsen/Local Sites/fictional-university/app/public/wp-includes/template.php(672): load_template('/Users/jandahl-...', true)
#2 /Users/jandahl-madsen/Local Sites/fictional-university/app/public/wp-includes/general-template.php(41): locate_template(Array, true)
#3 /Users/jandahl-madsen/Local Sites/fictional-university/app/public/wp-content/themes/fictional-university-theme/front-page.php(1): get_header()
#4 /Users/jandahl-madsen/Local Sites/fictional-university/app/public/wp-includes/template-loader.php(106): include('/Users/jandahl-...')
#5 /Users/jandahl-madsen/Local Sites/fictional-university/app/public/wp-blog-header.php(19): require_once('/Users/jandahl-...')
#6 /Users/jandahl in /Users/jandahl-madsen/Local Sites/fictional-university/app/public/wp-content/themes/fictional-university-theme/header.php on line 23
[24-May-2020 12:37:33 UTC] PHP Fatal error:  Uncaught Error: Call to undefined function is_get_post_type() in /Users/jandahl-madsen/Local Sites/fictional-university/app/public/wp-content/themes/fictional-university-theme/header.php:23
Stack trace:
#0 /Users/jandahl-madsen/Local Sites/fictional-university/app/public/wp-includes/template.php(723): require_once()
#1 /Users/jandahl-madsen/Local Sites/fictional-university/app/public/wp-includes/template.php(672): load_template('/Users/jandahl-...', true)
#2 /Users/jandahl-madsen/Local Sites/fictional-university/app/public/wp-includes/general-template.php(41): locate_template(Array, true)
#3 /Users/jandahl-madsen/Local Sites/fictional-university/app/public/wp-content/themes/fictional-university-theme/front-page.php(1): get_header()
#4 /Users/jandahl-madsen/Local Sites/fictional-university/app/public/wp-includes/template-loader.php(106): include('/Users/jandahl-...')
#5 /Users/jandahl-madsen/Local Sites/fictional-university/app/public/wp-blog-header.php(19): require_once('/Users/jandahl-...')
#6 /Users/jandahl in /Users/jandahl-madsen/Local Sites/fictional-university/app/public/wp-content/themes/fictional-university-theme/header.php on line 23
[24-May-2020 12:37:53 UTC] PHP Fatal error:  Uncaught Error: Call to undefined function is_get_post_type() in /Users/jandahl-madsen/Local Sites/fictional-university/app/public/wp-content/themes/fictional-university-theme/header.php:23
Stack trace:
#0 /Users/jandahl-madsen/Local Sites/fictional-university/app/public/wp-includes/template.php(723): require_once()
#1 /Users/jandahl-madsen/Local Sites/fictional-university/app/public/wp-includes/template.php(672): load_template('/Users/jandahl-...', true)
#2 /Users/jandahl-madsen/Local Sites/fictional-university/app/public/wp-includes/general-template.php(41): locate_template(Array, true)
#3 /Users/jandahl-madsen/Local Sites/fictional-university/app/public/wp-content/themes/fictional-university-theme/front-page.php(1): get_header()
#4 /Users/jandahl-madsen/Local Sites/fictional-university/app/public/wp-includes/template-loader.php(106): include('/Users/jandahl-...')
#5 /Users/jandahl-madsen/Local Sites/fictional-university/app/public/wp-blog-header.php(19): require_once('/Users/jandahl-...')
#6 /Users/jandahl in /Users/jandahl-madsen/Local Sites/fictional-university/app/public/wp-content/themes/fictional-university-theme/header.php on line 23
[24-May-2020 12:38:29 UTC] PHP Fatal error:  Uncaught Error: Call to undefined function is_get_post_type() in /Users/jandahl-madsen/Local Sites/fictional-university/app/public/wp-content/themes/fictional-university-theme/header.php:23
Stack trace:
#0 /Users/jandahl-madsen/Local Sites/fictional-university/app/public/wp-includes/template.php(723): require_once()
#1 /Users/jandahl-madsen/Local Sites/fictional-university/app/public/wp-includes/template.php(672): load_template('/Users/jandahl-...', true)
#2 /Users/jandahl-madsen/Local Sites/fictional-university/app/public/wp-includes/general-template.php(41): locate_template(Array, true)
#3 /Users/jandahl-madsen/Local Sites/fictional-university/app/public/wp-content/themes/fictional-university-theme/front-page.php(1): get_header()
#4 /Users/jandahl-madsen/Local Sites/fictional-university/app/public/wp-includes/template-loader.php(106): include('/Users/jandahl-...')
#5 /Users/jandahl-madsen/Local Sites/fictional-university/app/public/wp-blog-header.php(19): require_once('/Users/jandahl-...')
#6 /Users/jandahl in /Users/jandahl-madsen/Local Sites/fictional-university/app/public/wp-content/themes/fictional-university-theme/header.php on line 23
[24-May-2020 12:43:23 UTC] PHP Fatal error:  Uncaught Error: Call to undefined function is_get_post_type() in /Users/jandahl-madsen/Local Sites/fictional-university/app/public/wp-content/themes/fictional-university-theme/header.php:23
Stack trace:
#0 /Users/jandahl-madsen/Local Sites/fictional-university/app/public/wp-includes/template.php(723): require_once()
#1 /Users/jandahl-madsen/Local Sites/fictional-university/app/public/wp-includes/template.php(672): load_template('/Users/jandahl-...', true)
#2 /Users/jandahl-madsen/Local Sites/fictional-university/app/public/wp-includes/general-template.php(41): locate_template(Array, true)
#3 /Users/jandahl-madsen/Local Sites/fictional-university/app/public/wp-content/themes/fictional-university-theme/front-page.php(1): get_header()
#4 /Users/jandahl-madsen/Local Sites/fictional-university/app/public/wp-includes/template-loader.php(106): include('/Users/jandahl-...')
#5 /Users/jandahl-madsen/Local Sites/fictional-university/app/public/wp-blog-header.php(19): require_once('/Users/jandahl-...')
#6 /Users/jandahl in /Users/jandahl-madsen/Local Sites/fictional-university/app/public/wp-content/themes/fictional-university-theme/header.php on line 23
[24-May-2020 13:24:06 UTC] PHP Parse error:  syntax error, unexpected '' => '' (T_CONSTANT_ENCAPSED_STRING), expecting ')' in /Users/jandahl-madsen/Local Sites/fictional-university/app/public/wp-content/themes/fictional-university-theme/front-page.php on line 23
[24-May-2020 13:46:31 UTC] PHP Parse error:  syntax error, unexpected '}' in /Users/jandahl-madsen/Local Sites/fictional-university/app/public/wp-content/themes/fictional-university-theme/functions.php on line 22
[24-May-2020 13:48:32 UTC] PHP Parse error:  syntax error, unexpected '}' in /Users/jandahl-madsen/Local Sites/fictional-university/app/public/wp-content/themes/fictional-university-theme/functions.php on line 22
[24-May-2020 13:50:32 UTC] PHP Parse error:  syntax error, unexpected '}' in /Users/jandahl-madsen/Local Sites/fictional-university/app/public/wp-content/themes/fictional-university-theme/functions.php on line 22
[24-May-2020 13:52:33 UTC] PHP Parse error:  syntax error, unexpected '}' in /Users/jandahl-madsen/Local Sites/fictional-university/app/public/wp-content/themes/fictional-university-theme/functions.php on line 22
[24-May-2020 13:54:33 UTC] PHP Parse error:  syntax error, unexpected '}' in /Users/jandahl-madsen/Local Sites/fictional-university/app/public/wp-content/themes/fictional-university-theme/functions.php on line 22
[24-May-2020 13:56:33 UTC] PHP Parse error:  syntax error, unexpected '}' in /Users/jandahl-madsen/Local Sites/fictional-university/app/public/wp-content/themes/fictional-university-theme/functions.php on line 22
[24-May-2020 13:58:34 UTC] PHP Parse error:  syntax error, unexpected '}' in /Users/jandahl-madsen/Local Sites/fictional-university/app/public/wp-content/themes/fictional-university-theme/functions.php on line 22
[24-May-2020 14:00:34 UTC] PHP Parse error:  syntax error, unexpected '}' in /Users/jandahl-madsen/Local Sites/fictional-university/app/public/wp-content/themes/fictional-university-theme/functions.php on line 22
[24-May-2020 14:02:35 UTC] PHP Parse error:  syntax error, unexpected '}' in /Users/jandahl-madsen/Local Sites/fictional-university/app/public/wp-content/themes/fictional-university-theme/functions.php on line 22
[24-May-2020 14:04:36 UTC] PHP Parse error:  syntax error, unexpected '}' in /Users/jandahl-madsen/Local Sites/fictional-university/app/public/wp-content/themes/fictional-university-theme/functions.php on line 22
[24-May-2020 14:06:36 UTC] PHP Parse error:  syntax error, unexpected '}' in /Users/jandahl-madsen/Local Sites/fictional-university/app/public/wp-content/themes/fictional-university-theme/functions.php on line 22
[24-May-2020 14:08:37 UTC] PHP Parse error:  syntax error, unexpected '}' in /Users/jandahl-madsen/Local Sites/fictional-university/app/public/wp-content/themes/fictional-university-theme/functions.php on line 22
[24-May-2020 14:10:38 UTC] PHP Parse error:  syntax error, unexpected '}' in /Users/jandahl-madsen/Local Sites/fictional-university/app/public/wp-content/themes/fictional-university-theme/functions.php on line 22
[24-May-2020 14:12:39 UTC] PHP Parse error:  syntax error, unexpected '}' in /Users/jandahl-madsen/Local Sites/fictional-university/app/public/wp-content/themes/fictional-university-theme/functions.php on line 22
[24-May-2020 14:14:39 UTC] PHP Parse error:  syntax error, unexpected '}' in /Users/jandahl-madsen/Local Sites/fictional-university/app/public/wp-content/themes/fictional-university-theme/functions.php on line 22
[24-May-2020 14:16:40 UTC] PHP Parse error:  syntax error, unexpected '}' in /Users/jandahl-madsen/Local Sites/fictional-university/app/public/wp-content/themes/fictional-university-theme/functions.php on line 22
[24-May-2020 14:18:41 UTC] PHP Parse error:  syntax error, unexpected '}' in /Users/jandahl-madsen/Local Sites/fictional-university/app/public/wp-content/themes/fictional-university-theme/functions.php on line 22
[24-May-2020 14:20:41 UTC] PHP Parse error:  syntax error, unexpected '}' in /Users/jandahl-madsen/Local Sites/fictional-university/app/public/wp-content/themes/fictional-university-theme/functions.php on line 22
[24-May-2020 14:22:42 UTC] PHP Parse error:  syntax error, unexpected '}' in /Users/jandahl-madsen/Local Sites/fictional-university/app/public/wp-content/themes/fictional-university-theme/functions.php on line 22
[24-May-2020 14:24:43 UTC] PHP Parse error:  syntax error, unexpected '}' in /Users/jandahl-madsen/Local Sites/fictional-university/app/public/wp-content/themes/fictional-university-theme/functions.php on line 22
[24-May-2020 14:26:44 UTC] PHP Parse error:  syntax error, unexpected '}' in /Users/jandahl-madsen/Local Sites/fictional-university/app/public/wp-content/themes/fictional-university-theme/functions.php on line 22
[24-May-2020 14:28:44 UTC] PHP Parse error:  syntax error, unexpected '}' in /Users/jandahl-madsen/Local Sites/fictional-university/app/public/wp-content/themes/fictional-university-theme/functions.php on line 22
[24-May-2020 14:30:45 UTC] PHP Parse error:  syntax error, unexpected '}' in /Users/jandahl-madsen/Local Sites/fictional-university/app/public/wp-content/themes/fictional-university-theme/functions.php on line 22
[24-May-2020 14:32:46 UTC] PHP Parse error:  syntax error, unexpected '}' in /Users/jandahl-madsen/Local Sites/fictional-university/app/public/wp-content/themes/fictional-university-theme/functions.php on line 22
[24-May-2020 14:34:47 UTC] PHP Parse error:  syntax error, unexpected '}' in /Users/jandahl-madsen/Local Sites/fictional-university/app/public/wp-content/themes/fictional-university-theme/functions.php on line 22
[24-May-2020 14:36:47 UTC] PHP Parse error:  syntax error, unexpected '}' in /Users/jandahl-madsen/Local Sites/fictional-university/app/public/wp-content/themes/fictional-university-theme/functions.php on line 22
[24-May-2020 14:38:48 UTC] PHP Parse error:  syntax error, unexpected '}' in /Users/jandahl-madsen/Local Sites/fictional-university/app/public/wp-content/themes/fictional-university-theme/functions.php on line 22
[24-May-2020 14:40:48 UTC] PHP Parse error:  syntax error, unexpected '}' in /Users/jandahl-madsen/Local Sites/fictional-university/app/public/wp-content/themes/fictional-university-theme/functions.php on line 22
[24-May-2020 14:42:48 UTC] PHP Parse error:  syntax error, unexpected '}' in /Users/jandahl-madsen/Local Sites/fictional-university/app/public/wp-content/themes/fictional-university-theme/functions.php on line 22
[24-May-2020 14:44:49 UTC] PHP Parse error:  syntax error, unexpected '}' in /Users/jandahl-madsen/Local Sites/fictional-university/app/public/wp-content/themes/fictional-university-theme/functions.php on line 22
[24-May-2020 14:46:49 UTC] PHP Parse error:  syntax error, unexpected '}' in /Users/jandahl-madsen/Local Sites/fictional-university/app/public/wp-content/themes/fictional-university-theme/functions.php on line 22
[24-May-2020 14:48:49 UTC] PHP Parse error:  syntax error, unexpected '}' in /Users/jandahl-madsen/Local Sites/fictional-university/app/public/wp-content/themes/fictional-university-theme/functions.php on line 22
[24-May-2020 14:50:50 UTC] PHP Parse error:  syntax error, unexpected '}' in /Users/jandahl-madsen/Local Sites/fictional-university/app/public/wp-content/themes/fictional-university-theme/functions.php on line 22
[24-May-2020 14:52:51 UTC] PHP Parse error:  syntax error, unexpected '}' in /Users/jandahl-madsen/Local Sites/fictional-university/app/public/wp-content/themes/fictional-university-theme/functions.php on line 22
[24-May-2020 14:54:52 UTC] PHP Parse error:  syntax error, unexpected '}' in /Users/jandahl-madsen/Local Sites/fictional-university/app/public/wp-content/themes/fictional-university-theme/functions.php on line 22
[24-May-2020 14:56:52 UTC] PHP Parse error:  syntax error, unexpected '}' in /Users/jandahl-madsen/Local Sites/fictional-university/app/public/wp-content/themes/fictional-university-theme/functions.php on line 22
[24-May-2020 14:58:53 UTC] PHP Parse error:  syntax error, unexpected '}' in /Users/jandahl-madsen/Local Sites/fictional-university/app/public/wp-content/themes/fictional-university-theme/functions.php on line 22
[24-May-2020 15:00:54 UTC] PHP Parse error:  syntax error, unexpected '}' in /Users/jandahl-madsen/Local Sites/fictional-university/app/public/wp-content/themes/fictional-university-theme/functions.php on line 22
[24-May-2020 15:02:55 UTC] PHP Parse error:  syntax error, unexpected '}' in /Users/jandahl-madsen/Local Sites/fictional-university/app/public/wp-content/themes/fictional-university-theme/functions.php on line 22
[24-May-2020 15:04:55 UTC] PHP Parse error:  syntax error, unexpected '}' in /Users/jandahl-madsen/Local Sites/fictional-university/app/public/wp-content/themes/fictional-university-theme/functions.php on line 22
[24-May-2020 15:06:56 UTC] PHP Parse error:  syntax error, unexpected '}' in /Users/jandahl-madsen/Local Sites/fictional-university/app/public/wp-content/themes/fictional-university-theme/functions.php on line 22
[24-May-2020 15:08:57 UTC] PHP Parse error:  syntax error, unexpected '}' in /Users/jandahl-madsen/Local Sites/fictional-university/app/public/wp-content/themes/fictional-university-theme/functions.php on line 22
[24-May-2020 15:31:37 UTC] PHP Parse error:  syntax error, unexpected ''post_type'' (T_CONSTANT_ENCAPSED_STRING), expecting ')' in /Users/jandahl-madsen/Local Sites/fictional-university/app/public/wp-content/themes/fictional-university-theme/page-past-events.php on line 17
[30-May-2020 07:02:30 UTC] PHP Parse error:  syntax error, unexpected '<' in /Users/jandahl-madsen/Local Sites/fictional-university/app/public/wp-content/themes/fictional-university-theme/single-event.php on line 24
[31-May-2020 09:25:28 UTC] PHP Warning:  Use of undefined constant console - assumed 'console' (this will throw an Error in a future version of PHP) in /Users/jandahl-madsen/Local Sites/fictional-university/app/public/wp-content/themes/fictional-university-theme/single-event.php on line 38
[31-May-2020 09:25:28 UTC] PHP Stack trace:
[31-May-2020 09:25:28 UTC] PHP   1. {main}() /Users/jandahl-madsen/Local Sites/fictional-university/app/public/index.php:0
[31-May-2020 09:25:28 UTC] PHP   2. require() /Users/jandahl-madsen/Local Sites/fictional-university/app/public/index.php:17
[31-May-2020 09:25:28 UTC] PHP   3. require_once() /Users/jandahl-madsen/Local Sites/fictional-university/app/public/wp-blog-header.php:19
[31-May-2020 09:25:28 UTC] PHP   4. include() /Users/jandahl-madsen/Local Sites/fictional-university/app/public/wp-includes/template-loader.php:106
[31-May-2020 09:25:29 UTC] PHP Warning:  Use of undefined constant console - assumed 'console' (this will throw an Error in a future version of PHP) in /Users/jandahl-madsen/Local Sites/fictional-university/app/public/wp-content/themes/fictional-university-theme/single-event.php on line 38
[31-May-2020 09:25:29 UTC] PHP Stack trace:
[31-May-2020 09:25:29 UTC] PHP   1. {main}() /Users/jandahl-madsen/Local Sites/fictional-university/app/public/index.php:0
[31-May-2020 09:25:29 UTC] PHP   2. require() /Users/jandahl-madsen/Local Sites/fictional-university/app/public/index.php:17
[31-May-2020 09:25:29 UTC] PHP   3. require_once() /Users/jandahl-madsen/Local Sites/fictional-university/app/public/wp-blog-header.php:19
[31-May-2020 09:25:29 UTC] PHP   4. include() /Users/jandahl-madsen/Local Sites/fictional-university/app/public/wp-includes/template-loader.php:106
[31-May-2020 09:31:10 UTC] PHP Parse error:  syntax error, unexpected '?>' in /Users/jandahl-madsen/Local Sites/fictional-university/app/public/wp-content/themes/fictional-university-theme/single-event.php on line 25
[31-May-2020 09:31:29 UTC] PHP Parse error:  syntax error, unexpected '?>' in /Users/jandahl-madsen/Local Sites/fictional-university/app/public/wp-content/themes/fictional-university-theme/single-event.php on line 25
[31-May-2020 09:32:17 UTC] PHP Parse error:  syntax error, unexpected '$relatedPrograms' (T_VARIABLE), expecting ',' or ';' in /Users/jandahl-madsen/Local Sites/fictional-university/app/public/wp-content/themes/fictional-university-theme/single-event.php on line 25
[02-Jun-2020 08:10:00 UTC] PHP Parse error:  syntax error, unexpected '<' in /Users/jandahl-madsen/Local Sites/fictional-university/app/public/wp-content/themes/fictional-university-theme/single-program.php on line 46
[02-Jun-2020 08:10:16 UTC] PHP Parse error:  syntax error, unexpected 'while' (T_WHILE), expecting ',' or ';' in /Users/jandahl-madsen/Local Sites/fictional-university/app/public/wp-content/themes/fictional-university-theme/single-program.php on line 48
[02-Jun-2020 08:10:18 UTC] PHP Parse error:  syntax error, unexpected 'while' (T_WHILE), expecting ',' or ';' in /Users/jandahl-madsen/Local Sites/fictional-university/app/public/wp-content/themes/fictional-university-theme/single-program.php on line 48
[23-Jun-2020 07:09:42 UTC] PHP Parse error:  syntax error, unexpected '}', expecting end of file in /Users/jandahl-madsen/Local Sites/fictional-university/app/public/wp-content/themes/fictional-university-theme/single-program.php on line 49
[23-Jun-2020 07:09:58 UTC] PHP Parse error:  syntax error, unexpected '}', expecting end of file in /Users/jandahl-madsen/Local Sites/fictional-university/app/public/wp-content/themes/fictional-university-theme/single-program.php on line 45
[23-Jun-2020 07:18:07 UTC] PHP Parse error:  syntax error, unexpected '<' in /Users/jandahl-madsen/Local Sites/fictional-university/app/public/wp-content/themes/fictional-university-theme/single-program.php on line 53
[23-Jun-2020 07:19:17 UTC] PHP Parse error:  syntax error, unexpected '>' in /Users/jandahl-madsen/Local Sites/fictional-university/app/public/wp-content/themes/fictional-university-theme/single-program.php on line 51
[23-Jun-2020 07:19:48 UTC] PHP Parse error:  syntax error, unexpected end of file in /Users/jandahl-madsen/Local Sites/fictional-university/app/public/wp-content/themes/fictional-university-theme/single-program.php on line 106
[23-Jun-2020 08:54:41 UTC] PHP Parse error:  syntax error, unexpected '}' in /Users/jandahl-madsen/Local Sites/fictional-university/app/public/wp-content/themes/fictional-university-theme/functions.php on line 17
[24-Jun-2020 09:39:13 UTC] PHP Parse error:  syntax error, unexpected '}' in /Users/jandahl-madsen/Local Sites/fictional-university/app/public/wp-content/themes/fictional-university-theme/functions.php on line 5
[24-Jun-2020 09:39:34 UTC] PHP Parse error:  syntax error, unexpected '}' in /Users/jandahl-madsen/Local Sites/fictional-university/app/public/wp-content/themes/fictional-university-theme/functions.php on line 5
[24-Jun-2020 09:41:11 UTC] PHP Parse error:  syntax error, unexpected '}' in /Users/jandahl-madsen/Local Sites/fictional-university/app/public/wp-content/themes/fictional-university-theme/functions.php on line 5
[24-Jun-2020 09:41:34 UTC] PHP Parse error:  syntax error, unexpected '}' in /Users/jandahl-madsen/Local Sites/fictional-university/app/public/wp-content/themes/fictional-university-theme/functions.php on line 5
[24-Jun-2020 09:56:43 UTC] PHP Parse error:  syntax error, unexpected '}' in /Users/jandahl-madsen/Local Sites/fictional-university/app/public/wp-content/themes/fictional-university-theme/functions.php on line 14
[24-Jun-2020 10:02:17 UTC] PHP Fatal error:  Uncaught Error: Call to undefined function get_theme_uri() in /Users/jandahl-madsen/Local Sites/fictional-university/app/public/wp-content/themes/fictional-university-theme/functions.php:13
Stack trace:
#0 /Users/jandahl-madsen/Local Sites/fictional-university/app/public/wp-content/themes/fictional-university-theme/page.php(6): pageBanner()
#1 /Users/jandahl-madsen/Local Sites/fictional-university/app/public/wp-includes/template-loader.php(106): include('/Users/jandahl-...')
#2 /Users/jandahl-madsen/Local Sites/fictional-university/app/public/wp-blog-header.php(19): require_once('/Users/jandahl-...')
#3 /Users/jandahl-madsen/Local Sites/fictional-university/app/public/index.php(17): require('/Users/jandahl-...')
#4 {main}
  thrown in /Users/jandahl-madsen/Local Sites/fictional-university/app/public/wp-content/themes/fictional-university-theme/functions.php on line 13
[24-Jun-2020 10:03:05 UTC] PHP Fatal error:  Uncaught Error: Call to undefined function get_theme_uri() in /Users/jandahl-madsen/Local Sites/fictional-university/app/public/wp-content/themes/fictional-university-theme/functions.php:13
Stack trace:
#0 /Users/jandahl-madsen/Local Sites/fictional-university/app/public/wp-content/themes/fictional-university-theme/page.php(6): pageBanner()
#1 /Users/jandahl-madsen/Local Sites/fictional-university/app/public/wp-includes/template-loader.php(106): include('/Users/jandahl-...')
#2 /Users/jandahl-madsen/Local Sites/fictional-university/app/public/wp-blog-header.php(19): require_once('/Users/jandahl-...')
#3 /Users/jandahl-madsen/Local Sites/fictional-university/app/public/index.php(17): require('/Users/jandahl-...')
#4 {main}
  thrown in /Users/jandahl-madsen/Local Sites/fictional-university/app/public/wp-content/themes/fictional-university-theme/functions.php on line 13
[24-Jun-2020 10:05:52 UTC] PHP Fatal error:  Uncaught Error: Call to undefined function get_theme_uri() in /Users/jandahl-madsen/Local Sites/fictional-university/app/public/wp-content/themes/fictional-university-theme/functions.php:13
Stack trace:
#0 /Users/jandahl-madsen/Local Sites/fictional-university/app/public/wp-content/themes/fictional-university-theme/page.php(6): pageBanner()
#1 /Users/jandahl-madsen/Local Sites/fictional-university/app/public/wp-includes/template-loader.php(106): include('/Users/jandahl-...')
#2 /Users/jandahl-madsen/Local Sites/fictional-university/app/public/wp-blog-header.php(19): require_once('/Users/jandahl-...')
#3 /Users/jandahl-madsen/Local Sites/fictional-university/app/public/index.php(17): require('/Users/jandahl-...')
#4 {main}
  thrown in /Users/jandahl-madsen/Local Sites/fictional-university/app/public/wp-content/themes/fictional-university-theme/functions.php on line 13
[24-Jun-2020 10:06:22 UTC] PHP Fatal error:  Uncaught Error: Call to undefined function get_theme_uri() in /Users/jandahl-madsen/Local Sites/fictional-university/app/public/wp-content/themes/fictional-university-theme/functions.php:13
Stack trace:
#0 /Users/jandahl-madsen/Local Sites/fictional-university/app/public/wp-content/themes/fictional-university-theme/page.php(6): pageBanner()
#1 /Users/jandahl-madsen/Local Sites/fictional-university/app/public/wp-includes/template-loader.php(106): include('/Users/jandahl-...')
#2 /Users/jandahl-madsen/Local Sites/fictional-university/app/public/wp-blog-header.php(19): require_once('/Users/jandahl-...')
#3 /Users/jandahl-madsen/Local Sites/fictional-university/app/public/index.php(17): require('/Users/jandahl-...')
#4 {main}
  thrown in /Users/jandahl-madsen/Local Sites/fictional-university/app/public/wp-content/themes/fictional-university-theme/functions.php on line 13
[24-Jun-2020 10:06:25 UTC] PHP Fatal error:  Uncaught Error: Call to undefined function get_theme_uri() in /Users/jandahl-madsen/Local Sites/fictional-university/app/public/wp-content/themes/fictional-university-theme/functions.php:13
Stack trace:
#0 /Users/jandahl-madsen/Local Sites/fictional-university/app/public/wp-content/themes/fictional-university-theme/page.php(6): pageBanner()
#1 /Users/jandahl-madsen/Local Sites/fictional-university/app/public/wp-includes/template-loader.php(106): include('/Users/jandahl-...')
#2 /Users/jandahl-madsen/Local Sites/fictional-university/app/public/wp-blog-header.php(19): require_once('/Users/jandahl-...')
#3 /Users/jandahl-madsen/Local Sites/fictional-university/app/public/index.php(17): require('/Users/jandahl-...')
#4 {main}
  thrown in /Users/jandahl-madsen/Local Sites/fictional-university/app/public/wp-content/themes/fictional-university-theme/functions.php on line 13
[14-Aug-2020 08:48:44 UTC] PHP Parse error:  syntax error, unexpected '}' in /Users/jandahl-madsen/Local Sites/fictional-university/app/public/wp-content/themes/fictional-university-theme/page-past-events.php on line 31
