[21-May-2020 10:52:07] NOTICE: fpm is running, pid 1714
[21-May-2020 10:52:07] NOTICE: ready to handle connections
[21-May-2020 16:27:12] NOTICE: Terminating ...
[21-May-2020 16:27:12] NOTICE: Terminating ...
[21-May-2020 16:27:12] NOTICE: exiting, bye-bye!
[21-May-2020 16:27:17] NOTICE: fpm is running, pid 4686
[21-May-2020 16:27:17] NOTICE: ready to handle connections
[21-May-2020 17:22:48] NOTICE: Terminating ...
[21-May-2020 17:22:48] NOTICE: Terminating ...
[21-May-2020 17:22:48] NOTICE: exiting, bye-bye!
[22-May-2020 09:45:17] NOTICE: fpm is running, pid 1441
[22-May-2020 09:45:17] NOTICE: ready to handle connections
[22-May-2020 10:44:01] NOTICE: Terminating ...
[22-May-2020 10:44:01] NOTICE: Terminating ...
[22-May-2020 10:44:01] NOTICE: exiting, bye-bye!
[22-May-2020 10:44:13] NOTICE: fpm is running, pid 1964
[22-May-2020 10:44:13] NOTICE: ready to handle connections
[22-May-2020 11:35:24] NOTICE: Terminating ...
[22-May-2020 11:35:24] NOTICE: Terminating ...
[22-May-2020 11:35:24] NOTICE: exiting, bye-bye!
[22-May-2020 14:56:14] NOTICE: fpm is running, pid 820
[22-May-2020 14:56:14] NOTICE: ready to handle connections
[22-May-2020 22:01:40] NOTICE: Terminating ...
[22-May-2020 22:01:40] NOTICE: Terminating ...
[22-May-2020 22:01:40] NOTICE: exiting, bye-bye!
[23-May-2020 08:34:05] NOTICE: fpm is running, pid 881
[23-May-2020 08:34:05] NOTICE: ready to handle connections
[23-May-2020 11:19:54] NOTICE: Terminating ...
[23-May-2020 11:19:54] NOTICE: Terminating ...
[23-May-2020 11:19:54] NOTICE: exiting, bye-bye!
[24-May-2020 08:13:58] NOTICE: fpm is running, pid 1150
[24-May-2020 08:13:58] NOTICE: ready to handle connections
[24-May-2020 10:58:38] NOTICE: Terminating ...
[24-May-2020 10:58:38] NOTICE: Terminating ...
[24-May-2020 10:58:38] NOTICE: exiting, bye-bye!
[24-May-2020 14:04:16] NOTICE: fpm is running, pid 4190
[24-May-2020 14:04:16] NOTICE: ready to handle connections
[24-May-2020 14:07:38] NOTICE: Terminating ...
[24-May-2020 14:07:38] NOTICE: Terminating ...
[24-May-2020 14:07:38] NOTICE: exiting, bye-bye!
[24-May-2020 14:07:50] NOTICE: fpm is running, pid 4284
[24-May-2020 14:07:50] NOTICE: ready to handle connections
[24-May-2020 14:20:02] NOTICE: Terminating ...
[24-May-2020 14:20:02] NOTICE: Terminating ...
[24-May-2020 14:20:02] NOTICE: exiting, bye-bye!
[24-May-2020 14:37:16] NOTICE: fpm is running, pid 830
[24-May-2020 14:37:16] NOTICE: ready to handle connections
[24-May-2020 17:46:36] NOTICE: Terminating ...
[24-May-2020 17:46:36] NOTICE: Terminating ...
[24-May-2020 17:46:36] NOTICE: exiting, bye-bye!
[30-May-2020 06:46:09] NOTICE: fpm is running, pid 6179
[30-May-2020 06:46:09] NOTICE: ready to handle connections
[30-May-2020 09:32:24] NOTICE: Terminating ...
[30-May-2020 09:32:24] NOTICE: Terminating ...
[30-May-2020 09:32:24] NOTICE: exiting, bye-bye!
[31-May-2020 10:44:44] NOTICE: fpm is running, pid 2288
[31-May-2020 10:44:44] NOTICE: ready to handle connections
[01-Jun-2020 20:35:16] NOTICE: Terminating ...
[01-Jun-2020 20:35:16] NOTICE: Terminating ...
[01-Jun-2020 20:35:16] NOTICE: exiting, bye-bye!
[02-Jun-2020 08:32:27] NOTICE: fpm is running, pid 1012
[02-Jun-2020 08:32:27] NOTICE: ready to handle connections
[02-Jun-2020 09:57:51] NOTICE: Terminating ...
[02-Jun-2020 09:57:51] NOTICE: Terminating ...
[02-Jun-2020 09:57:51] NOTICE: exiting, bye-bye!
[02-Jun-2020 09:57:55] NOTICE: fpm is running, pid 2276
[02-Jun-2020 09:57:55] NOTICE: ready to handle connections
[02-Jun-2020 10:44:43] NOTICE: Terminating ...
[02-Jun-2020 10:44:43] NOTICE: Terminating ...
[02-Jun-2020 10:44:43] NOTICE: exiting, bye-bye!
[23-Jun-2020 08:23:36] NOTICE: fpm is running, pid 1150
[23-Jun-2020 08:23:36] NOTICE: ready to handle connections
[23-Jun-2020 09:33:37] NOTICE: Terminating ...
[23-Jun-2020 09:33:37] NOTICE: Terminating ...
[23-Jun-2020 09:33:37] NOTICE: exiting, bye-bye!
[23-Jun-2020 10:23:03] NOTICE: fpm is running, pid 5721
[23-Jun-2020 10:23:03] NOTICE: ready to handle connections
[23-Jun-2020 13:28:37] NOTICE: Terminating ...
[23-Jun-2020 13:28:37] NOTICE: Terminating ...
[23-Jun-2020 13:28:37] NOTICE: exiting, bye-bye!
[24-Jun-2020 11:03:04] NOTICE: fpm is running, pid 991
[24-Jun-2020 11:03:04] NOTICE: ready to handle connections
[24-Jun-2020 12:28:40] NOTICE: Terminating ...
[24-Jun-2020 12:28:40] NOTICE: Terminating ...
[24-Jun-2020 12:28:40] NOTICE: exiting, bye-bye!
[13-Aug-2020 22:41:15] NOTICE: fpm is running, pid 4737
[13-Aug-2020 22:41:15] NOTICE: ready to handle connections
[13-Aug-2020 22:53:33] NOTICE: Terminating ...
[13-Aug-2020 22:53:33] NOTICE: Terminating ...
[13-Aug-2020 22:53:33] NOTICE: exiting, bye-bye!
[14-Aug-2020 09:45:04] NOTICE: fpm is running, pid 1641
[14-Aug-2020 09:45:04] NOTICE: ready to handle connections
[14-Aug-2020 11:02:51] NOTICE: Terminating ...
[14-Aug-2020 11:02:51] NOTICE: Terminating ...
[14-Aug-2020 11:02:51] NOTICE: exiting, bye-bye!
[14-Aug-2020 21:45:09] NOTICE: fpm is running, pid 807
[14-Aug-2020 21:45:09] NOTICE: ready to handle connections
[15-Aug-2020 00:20:27] NOTICE: Terminating ...
[15-Aug-2020 00:20:27] NOTICE: Terminating ...
[15-Aug-2020 00:20:27] NOTICE: exiting, bye-bye!
[15-Aug-2020 08:40:20] NOTICE: fpm is running, pid 714
[15-Aug-2020 08:40:20] NOTICE: ready to handle connections
[15-Aug-2020 16:49:50] NOTICE: Terminating ...
[15-Aug-2020 16:49:50] NOTICE: Terminating ...
[15-Aug-2020 16:49:50] NOTICE: exiting, bye-bye!
